D:\USERS\GMB9280\ARCANE_AXIS\DIRECTX11 AA2\DIRECTX11_STARTER\DEBUG\ARTIFACT.OBJ
D:\USERS\GMB9280\ARCANE_AXIS\DIRECTX11 AA2\DIRECTX11_STARTER\DEBUG\CAMERA.OBJ
D:\USERS\GMB9280\ARCANE_AXIS\DIRECTX11 AA2\DIRECTX11_STARTER\DEBUG\DEMOGAME.OBJ
D:\USERS\GMB9280\ARCANE_AXIS\DIRECTX11 AA2\DIRECTX11_STARTER\DEBUG\DXERR.OBJ
D:\USERS\GMB9280\ARCANE_AXIS\DIRECTX11 AA2\DIRECTX11_STARTER\DEBUG\DXGAME.OBJ
D:\USERS\GMB9280\ARCANE_AXIS\DIRECTX11 AA2\DIRECTX11_STARTER\DEBUG\FACE.OBJ
D:\USERS\GMB9280\ARCANE_AXIS\DIRECTX11 AA2\DIRECTX11_STARTER\DEBUG\FONT.OBJ
D:\USERS\GMB9280\ARCANE_AXIS\DIRECTX11 AA2\DIRECTX11_STARTER\DEBUG\FONTSHADER.OBJ
D:\USERS\GMB9280\ARCANE_AXIS\DIRECTX11 AA2\DIRECTX11_STARTER\DEBUG\GAMEENTITY.OBJ
D:\USERS\GMB9280\ARCANE_AXIS\DIRECTX11 AA2\DIRECTX11_STARTER\DEBUG\GAMEMANAGER.OBJ
D:\USERS\GMB9280\ARCANE_AXIS\DIRECTX11 AA2\DIRECTX11_STARTER\DEBUG\GAMETIMER.OBJ
D:\USERS\GMB9280\ARCANE_AXIS\DIRECTX11 AA2\DIRECTX11_STARTER\DEBUG\MATERIAL.OBJ
D:\USERS\GMB9280\ARCANE_AXIS\DIRECTX11 AA2\DIRECTX11_STARTER\DEBUG\MESH.OBJ
D:\USERS\GMB9280\ARCANE_AXIS\DIRECTX11 AA2\DIRECTX11_STARTER\DEBUG\RUNE.OBJ
D:\USERS\GMB9280\ARCANE_AXIS\DIRECTX11 AA2\DIRECTX11_STARTER\DEBUG\SENTENCE.OBJ
D:\USERS\GMB9280\ARCANE_AXIS\DIRECTX11 AA2\DIRECTX11_STARTER\DEBUG\SPELLBOOK.OBJ
D:\USERS\GMB9280\ARCANE_AXIS\DIRECTX11 AA2\DIRECTX11_STARTER\DEBUG\TEXT.OBJ
D:\USERS\GMB9280\ARCANE_AXIS\DIRECTX11 AA2\DIRECTX11_STARTER\DEBUG\TILE.OBJ
D:\USERS\GMB9280\ARCANE_AXIS\DIRECTX11 AA2\DIRECTX11_STARTER\DEBUG\TILEMAP.OBJ
D:\USERS\GMB9280\ARCANE_AXIS\DIRECTX11 AA2\DIRECTX11_STARTER\DEBUG\VC110.PDB
D:\Users\gmb9280\arcane_AXIS\DirectX11 AA2\Debug\FontPixelShader.cso
D:\Users\gmb9280\arcane_AXIS\DirectX11 AA2\Debug\FontVertexShader.cso
D:\Users\gmb9280\arcane_AXIS\DirectX11 AA2\Debug\LightPixelShader.cso
D:\Users\gmb9280\arcane_AXIS\DirectX11 AA2\Debug\LightVertexShader.cso
D:\Users\gmb9280\arcane_AXIS\DirectX11 AA2\Debug\PixelShader.cso
D:\Users\gmb9280\arcane_AXIS\DirectX11 AA2\Debug\TexturePixelShader.cso
D:\Users\gmb9280\arcane_AXIS\DirectX11 AA2\Debug\TextureVertexShader.cso
D:\Users\gmb9280\arcane_AXIS\DirectX11 AA2\Debug\VertexShader.cso
D:\USERS\GMB9280\ARCANE_AXIS\DIRECTX11 AA2\DEBUG\FONTPIXELSHADER.CSO
D:\USERS\GMB9280\ARCANE_AXIS\DIRECTX11 AA2\DEBUG\FONTVERTEXSHADER.CSO
D:\USERS\GMB9280\ARCANE_AXIS\DIRECTX11 AA2\DEBUG\LIGHTPIXELSHADER.CSO
D:\USERS\GMB9280\ARCANE_AXIS\DIRECTX11 AA2\DEBUG\LIGHTVERTEXSHADER.CSO
D:\USERS\GMB9280\ARCANE_AXIS\DIRECTX11 AA2\DEBUG\PIXELSHADER.CSO
D:\USERS\GMB9280\ARCANE_AXIS\DIRECTX11 AA2\DEBUG\TEXTUREPIXELSHADER.CSO
D:\USERS\GMB9280\ARCANE_AXIS\DIRECTX11 AA2\DEBUG\TEXTUREVERTEXSHADER.CSO
D:\USERS\GMB9280\ARCANE_AXIS\DIRECTX11 AA2\DEBUG\VERTEXSHADER.CSO
D:\USERS\GMB9280\ARCANE_AXIS\DIRECTX11 AA2\DEBUG\DIRECTX11_STARTER.ILK
D:\USERS\GMB9280\ARCANE_AXIS\DIRECTX11 AA2\DEBUG\DIRECTX11_STARTER.EXE
D:\USERS\GMB9280\ARCANE_AXIS\DIRECTX11 AA2\DEBUG\DIRECTX11_STARTER.PDB
D:\Users\gmb9280\arcane_AXIS\DirectX11 AA2\DirectX11_Starter\Debug\Artifact.obj
D:\Users\gmb9280\arcane_AXIS\DirectX11 AA2\DirectX11_Starter\Debug\Camera.obj
D:\Users\gmb9280\arcane_AXIS\DirectX11 AA2\DirectX11_Starter\Debug\DemoGame.obj
D:\Users\gmb9280\arcane_AXIS\DirectX11 AA2\DirectX11_Starter\Debug\dxerr.obj
D:\Users\gmb9280\arcane_AXIS\DirectX11 AA2\DirectX11_Starter\Debug\DXGame.obj
D:\Users\gmb9280\arcane_AXIS\DirectX11 AA2\DirectX11_Starter\Debug\Face.obj
D:\Users\gmb9280\arcane_AXIS\DirectX11 AA2\DirectX11_Starter\Debug\Font.obj
D:\Users\gmb9280\arcane_AXIS\DirectX11 AA2\DirectX11_Starter\Debug\FontShader.obj
D:\Users\gmb9280\arcane_AXIS\DirectX11 AA2\DirectX11_Starter\Debug\GameEntity.obj
D:\Users\gmb9280\arcane_AXIS\DirectX11 AA2\DirectX11_Starter\Debug\GameManager.obj
D:\Users\gmb9280\arcane_AXIS\DirectX11 AA2\DirectX11_Starter\Debug\GameTimer.obj
D:\Users\gmb9280\arcane_AXIS\DirectX11 AA2\DirectX11_Starter\Debug\Material.obj
D:\Users\gmb9280\arcane_AXIS\DirectX11 AA2\DirectX11_Starter\Debug\Mesh.obj
D:\Users\gmb9280\arcane_AXIS\DirectX11 AA2\DirectX11_Starter\Debug\Rune.obj
D:\Users\gmb9280\arcane_AXIS\DirectX11 AA2\DirectX11_Starter\Debug\Sentence.obj
D:\Users\gmb9280\arcane_AXIS\DirectX11 AA2\DirectX11_Starter\Debug\Spellbook.obj
D:\Users\gmb9280\arcane_AXIS\DirectX11 AA2\DirectX11_Starter\Debug\Text.obj
D:\Users\gmb9280\arcane_AXIS\DirectX11 AA2\DirectX11_Starter\Debug\Tile.obj
D:\Users\gmb9280\arcane_AXIS\DirectX11 AA2\DirectX11_Starter\Debug\TileMap.obj
D:\Users\gmb9280\arcane_AXIS\DirectX11 AA2\DirectX11_Starter\Debug\cl.command.1.tlog
D:\Users\gmb9280\arcane_AXIS\DirectX11 AA2\DirectX11_Starter\Debug\CL.read.1.tlog
D:\Users\gmb9280\arcane_AXIS\DirectX11 AA2\DirectX11_Starter\Debug\CL.write.1.tlog
D:\Users\gmb9280\arcane_AXIS\DirectX11 AA2\DirectX11_Starter\Debug\DirectX11_Starter.write.1.tlog
D:\Users\gmb9280\arcane_AXIS\DirectX11 AA2\DirectX11_Starter\Debug\FXC.command.1.tlog
D:\Users\gmb9280\arcane_AXIS\DirectX11 AA2\DirectX11_Starter\Debug\fxc.read.1.tlog
D:\Users\gmb9280\arcane_AXIS\DirectX11 AA2\DirectX11_Starter\Debug\fxc.write.1.tlog
D:\Users\gmb9280\arcane_AXIS\DirectX11 AA2\DirectX11_Starter\Debug\link-cvtres.read.1.tlog
D:\Users\gmb9280\arcane_AXIS\DirectX11 AA2\DirectX11_Starter\Debug\link-cvtres.write.1.tlog
D:\Users\gmb9280\arcane_AXIS\DirectX11 AA2\DirectX11_Starter\Debug\link-rc.read.1.tlog
D:\Users\gmb9280\arcane_AXIS\DirectX11 AA2\DirectX11_Starter\Debug\link-rc.write.1.tlog
D:\Users\gmb9280\arcane_AXIS\DirectX11 AA2\DirectX11_Starter\Debug\link.command.1.tlog
D:\Users\gmb9280\arcane_AXIS\DirectX11 AA2\DirectX11_Starter\Debug\link.read.1.tlog
D:\Users\gmb9280\arcane_AXIS\DirectX11 AA2\DirectX11_Starter\Debug\link.write.1.tlog
D:\Users\gmb9280\arcane_AXIS\DirectX11 AA2\DirectX11_Starter\Debug\vc110.idb
D:\Users\gmb9280\arcane_AXIS\DirectX11 AA2\DirectX11_Starter\Debug\vc110.pdb
D:\Users\gmb9280\arcane_AXIS\DirectX11 AA2\Debug\DirectX11_Starter.pdb
D:\Users\gmb9280\arcane_AXIS\DirectX11 AA2\Debug\DirectX11_Starter.exe
D:\Users\gmb9280\arcane_AXIS\DirectX11 AA2\Debug\DirectX11_Starter.ilk
