Build started 4/2/2014 6:05:47 PM.
     1>Project "D:\Users\gmb9280\aaa_aa\Data Structure Demo\DatastructureDemo\DatastructureDemo\DatastructureDemo.vcxproj" on node 2 (Build target(s)).
     1>ClCompile:
         C:\Program Files (x86)\Microsoft Visual Studio 11.0\VC\bin\CL.exe /c /ZI /nologo /W3 /WX- /sdl /Od /Oy- /D WIN32 /D _DEBUG /D _CONSOLE /D _UNICODE /D UNICODE /Gm /EHsc /RTC1 /MDd /GS /fp:precise /Zc:wchar_t /Zc:forScope /Fo"Debug\\" /Fd"Debug\vc110.pdb" /Gd /TP /analyze- /errorReport:prompt Demo.cpp Spellbook.cpp
         Spellbook.cpp
     1>d:\users\gmb9280\aaa_aa\data structure demo\datastructuredemo\datastructuredemo\supervector.h(196): warning C4018: '<' : signed/unsigned mismatch
                 d:\users\gmb9280\aaa_aa\data structure demo\datastructuredemo\datastructuredemo\supervector.h(192) : while compiling class template member function 'void SuperVector<T>::CopyContent(SuperVector<T> &,const SuperVector<T> &,const unsigned int)'
                 with
                 [
                     T=SuperVector<Rune *> *
                 ]
                 d:\users\gmb9280\aaa_aa\data structure demo\datastructuredemo\datastructuredemo\supervector.h(59) : see reference to function template instantiation 'void SuperVector<T>::CopyContent(SuperVector<T> &,const SuperVector<T> &,const unsigned int)' being compiled
                 with
                 [
                     T=SuperVector<Rune *> *
                 ]
                 d:\users\gmb9280\aaa_aa\data structure demo\datastructuredemo\datastructuredemo\spellbook.h(20) : see reference to class template instantiation 'SuperVector<T>' being compiled
                 with
                 [
                     T=SuperVector<Rune *> *
                 ]
         Demo.cpp
     1>d:\users\gmb9280\aaa_aa\data structure demo\datastructuredemo\datastructuredemo\supervector.h(196): warning C4018: '<' : signed/unsigned mismatch
                 d:\users\gmb9280\aaa_aa\data structure demo\datastructuredemo\datastructuredemo\supervector.h(192) : while compiling class template member function 'void SuperVector<T>::CopyContent(SuperVector<T> &,const SuperVector<T> &,const unsigned int)'
                 with
                 [
                     T=SuperVector<Rune *> *
                 ]
                 d:\users\gmb9280\aaa_aa\data structure demo\datastructuredemo\datastructuredemo\supervector.h(59) : see reference to function template instantiation 'void SuperVector<T>::CopyContent(SuperVector<T> &,const SuperVector<T> &,const unsigned int)' being compiled
                 with
                 [
                     T=SuperVector<Rune *> *
                 ]
                 d:\users\gmb9280\aaa_aa\data structure demo\datastructuredemo\datastructuredemo\spellbook.h(20) : see reference to class template instantiation 'SuperVector<T>' being compiled
                 with
                 [
                     T=SuperVector<Rune *> *
                 ]
         Generating Code...
     1>d:\users\gmb9280\aaa_aa\data structure demo\datastructuredemo\datastructuredemo\supervector.h(129): warning C4715: 'SuperVector<SuperVector<Rune *> *>::RetrieveByIndex' : not all control paths return a value
     1>d:\users\gmb9280\aaa_aa\data structure demo\datastructuredemo\datastructuredemo\supervector.h(129): warning C4715: 'SuperVector<Rune *>::RetrieveByIndex' : not all control paths return a value
       Link:
         C:\Program Files (x86)\Microsoft Visual Studio 11.0\VC\bin\link.exe /ERRORREPORT:PROMPT /OUT:"D:\Users\gmb9280\aaa_aa\Data Structure Demo\DatastructureDemo\Debug\DatastructureDemo.exe" /INCREMENTAL /NOLOGO kernel32.lib user32.lib gdi32.lib winspool.lib comdlg32.lib advapi32.lib shell32.lib ole32.lib oleaut32.lib uuid.lib odbc32.lib odbccp32.lib /MANIFEST /MANIFESTUAC:"level='asInvoker' uiAccess='false'" /manifest:embed /DEBUG /PDB:"D:\Users\gmb9280\aaa_aa\Data Structure Demo\DatastructureDemo\Debug\DatastructureDemo.pdb" /SUBSYSTEM:CONSOLE /TLBID:1 /DYNAMICBASE /NXCOMPAT /IMPLIB:"D:\Users\gmb9280\aaa_aa\Data Structure Demo\DatastructureDemo\Debug\DatastructureDemo.lib" /MACHINE:X86 Debug\Artifact.obj
         Debug\Demo.obj
         Debug\Rune.obj
         Debug\Spellbook.obj
         Debug\Tile.obj
         DatastructureDemo.vcxproj -> D:\Users\gmb9280\aaa_aa\Data Structure Demo\DatastructureDemo\Debug\DatastructureDemo.exe
     1>Done Building Project "D:\Users\gmb9280\aaa_aa\Data Structure Demo\DatastructureDemo\DatastructureDemo\DatastructureDemo.vcxproj" (Build target(s)).

Build succeeded.

Time Elapsed 00:00:01.89
